[2025-06-20 22:04:59] local.ERROR: Class "AdminController" does not exist {"exception":"[object] (ReflectionException(code: -1): Class \"AdminController\" does not exist at C:\\Users\\JITU\\swim\\vendor\\laravel\\framework\\src\\Illuminate\\Foundation\\Console\\RouteListCommand.php:229)
[stacktrace]
#0 C:\\Users\\JITU\\swim\\vendor\\laravel\\framework\\src\\Illuminate\\Foundation\\Console\\RouteListCommand.php(229): ReflectionClass->__construct('AdminController')
#1 C:\\Users\\JITU\\swim\\vendor\\laravel\\framework\\src\\Illuminate\\Foundation\\Console\\RouteListCommand.php(147): Illuminate\\Foundation\\Console\\RouteListCommand->isVendorRoute(Object(Illuminate\\Routing\\Route))
#2 C:\\Users\\JITU\\swim\\vendor\\laravel\\framework\\src\\Illuminate\\Foundation\\Console\\RouteListCommand.php(116): Illuminate\\Foundation\\Console\\RouteListCommand->getRouteInformation(Object(Illuminate\\Routing\\Route))
#3 [internal function]: Illuminate\\Foundation\\Console\\RouteListCommand->Illuminate\\Foundation\\Console\\{closure}(Object(Illuminate\\Routing\\Route), 62)
#4 C:\\Users\\JITU\\swim\\vendor\\laravel\\framework\\src\\Illuminate\\Collections\\Arr.php(605): array_map(Object(Closure), Array, Array)
#5 C:\\Users\\JITU\\swim\\vendor\\laravel\\framework\\src\\Illuminate\\Collections\\Collection.php(791): Illuminate\\Support\\Arr::map(Array, Object(Closure))
#6 C:\\Users\\JITU\\swim\\vendor\\laravel\\framework\\src\\Illuminate\\Foundation\\Console\\RouteListCommand.php(115): Illuminate\\Support\\Collection->map(Object(Closure))
#7 C:\\Users\\JITU\\swim\\vendor\\laravel\\framework\\src\\Illuminate\\Foundation\\Console\\RouteListCommand.php(101): Illuminate\\Foundation\\Console\\RouteListCommand->getRoutes()
#8 C:\\Users\\JITU\\swim\\vendor\\laravel\\framework\\src\\Illuminate\\Container\\BoundMethod.php(36): Illuminate\\Foundation\\Console\\RouteListCommand->handle()
#9 C:\\Users\\JITU\\swim\\vendor\\laravel\\framework\\src\\Illuminate\\Container\\Util.php(43): Illuminate\\Container\\BoundMethod::Illuminate\\Container\\{closure}()
#10 C:\\Users\\JITU\\swim\\vendor\\laravel\\framework\\src\\Illuminate\\Container\\BoundMethod.php(95): Illuminate\\Container\\Util::unwrapIfClosure(Object(Closure))
#11 C:\\Users\\JITU\\swim\\vendor\\laravel\\framework\\src\\Illuminate\\Container\\BoundMethod.php(35): Illuminate\\Container\\BoundMethod::callBoundMethod(Object(Illuminate\\Foundation\\Application), Array, Object(Closure))
#12 C:\\Users\\JITU\\swim\\vendor\\laravel\\framework\\src\\Illuminate\\Container\\Container.php(690): Illuminate\\Container\\BoundMethod::call(Object(Illuminate\\Foundation\\Application), Array, Array, NULL)
#13 C:\\Users\\JITU\\swim\\vendor\\laravel\\framework\\src\\Illuminate\\Console\\Command.php(213): Illuminate\\Container\\Container->call(Array)
#14 C:\\Users\\JITU\\swim\\vendor\\symfony\\console\\Command\\Command.php(279): Illuminate\\Console\\Command->execute(Object(Symfony\\Component\\Console\\Input\\ArgvInput), Object(Illuminate\\Console\\OutputStyle))
#15 C:\\Users\\JITU\\swim\\vendor\\laravel\\framework\\src\\Illuminate\\Console\\Command.php(182): Symfony\\Component\\Console\\Command\\Command->run(Object(Symfony\\Component\\Console\\Input\\ArgvInput), Object(Illuminate\\Console\\OutputStyle))
#16 C:\\Users\\JITU\\swim\\vendor\\symfony\\console\\Application.php(1047): Illuminate\\Console\\Command->run(Object(Symfony\\Component\\Console\\Input\\ArgvInput), Object(Symfony\\Component\\Console\\Output\\ConsoleOutput))
#17 C:\\Users\\JITU\\swim\\vendor\\symfony\\console\\Application.php(316): Symfony\\Component\\Console\\Application->doRunCommand(Object(Illuminate\\Foundation\\Console\\RouteListCommand), Object(Symfony\\Component\\Console\\Input\\ArgvInput), Object(Symfony\\Component\\Console\\Output\\ConsoleOutput))
#18 C:\\Users\\JITU\\swim\\vendor\\symfony\\console\\Application.php(167): Symfony\\Component\\Console\\Application->doRun(Object(Symfony\\Component\\Console\\Input\\ArgvInput), Object(Symfony\\Component\\Console\\Output\\ConsoleOutput))
#19 C:\\Users\\JITU\\swim\\vendor\\laravel\\framework\\src\\Illuminate\\Foundation\\Console\\Kernel.php(197): Symfony\\Component\\Console\\Application->run(Object(Symfony\\Component\\Console\\Input\\ArgvInput), Object(Symfony\\Component\\Console\\Output\\ConsoleOutput))
#20 C:\\Users\\JITU\\swim\\artisan(35): Illuminate\\Foundation\\Console\\Kernel->handle(Object(Symfony\\Component\\Console\\Input\\ArgvInput), Object(Symfony\\Component\\Console\\Output\\ConsoleOutput))
#21 {main}
"} 
[2025-06-20 22:08:33] local.INFO: User roles: ["Super Admin"] 
[2025-06-20 22:08:42] local.INFO: User roles: ["Super Admin"] 
[2025-06-20 22:08:50] local.INFO: User roles: ["Super Admin"] 
[2025-06-20 22:08:53] local.INFO: User roles: ["Super Admin"] 
[2025-06-20 22:08:55] local.INFO: User roles: ["Super Admin"] 
[2025-06-20 22:08:58] local.INFO: User roles: ["Super Admin"] 
[2025-06-20 22:09:01] local.INFO: User roles: ["Super Admin"] 
[2025-06-20 22:09:04] local.INFO: User roles: ["Super Admin"] 
[2025-06-20 22:09:06] local.INFO: User roles: ["Super Admin"] 
[2025-06-20 22:09:08] local.INFO: User roles: ["Super Admin"] 
[2025-06-20 22:09:10] local.INFO: User roles: ["Super Admin"] 
[2025-06-20 22:09:13] local.INFO: User roles: ["Super Admin"] 
[2025-06-20 22:09:15] local.INFO: User roles: ["Super Admin"] 
[2025-06-20 22:09:56] local.INFO: User roles: ["Super Admin"] 
[2025-06-20 22:10:00] local.INFO: User roles: ["Super Admin"] 
[2025-06-20 22:10:06] local.INFO: User roles: ["Super Admin"] 
[2025-06-20 22:10:30] local.INFO: User roles: ["Super Admin"] 
[2025-06-20 22:11:11] local.INFO: User roles: ["Super Admin"] 
[2025-06-20 22:11:40] local.INFO: User roles: ["Super Admin"] 
[2025-06-20 22:13:29] local.INFO: User roles: ["Super Admin"] 
[2025-06-20 22:13:36] local.INFO: User roles: ["Super Admin"] 
[2025-06-20 22:13:56] local.INFO: User roles: ["Super Admin"] 
[2025-06-20 22:14:28] local.INFO: User roles: ["Super Admin"] 
[2025-06-20 22:15:02] local.INFO: User roles: ["Super Admin"] 
[2025-06-20 22:15:14] local.INFO: User roles: ["Super Admin"] 
[2025-06-20 22:15:34] local.INFO: User roles: ["Super Admin"] 
[2025-06-20 22:15:35] local.INFO: User roles: ["Super Admin"] 
[2025-06-20 22:15:42] local.INFO: User roles: ["Super Admin"] 
[2025-06-20 22:15:44] local.INFO: User roles: ["Super Admin"] 
[2025-06-20 22:15:46] local.INFO: User roles: ["Super Admin"] 
[2025-06-20 22:15:48] local.INFO: User roles: ["Super Admin"] 
[2025-06-20 22:15:50] local.INFO: User roles: ["Super Admin"] 
[2025-06-20 22:15:52] local.INFO: User roles: ["Super Admin"] 
[2025-06-20 22:15:54] local.INFO: User roles: ["Super Admin"] 
[2025-06-20 22:15:56] local.INFO: User roles: ["Super Admin"] 
[2025-06-20 22:15:59] local.INFO: User roles: ["Super Admin"] 
[2025-06-20 22:16:38] local.INFO: User roles: ["Super Admin"] 
[2025-06-20 22:16:44] local.INFO: User roles: ["Super Admin"] 
[2025-06-20 22:16:51] local.INFO: User roles: ["Super Admin"] 
[2025-06-20 22:19:20] local.INFO: User roles: ["Super Admin"] 
[2025-06-20 22:19:25] local.INFO: User roles: ["Super Admin"] 
[2025-06-20 22:19:30] local.INFO: User roles: ["Super Admin"] 
